-------------------------------------------------------------------------------
Test set: com.api.tests.ApiTests
-------------------------------------------------------------------------------
Tests run: 7, Failures: 2, Errors: 0, Skipped: 0, Time elapsed: 6.269 s <<< FAILURE! - in com.api.tests.ApiTests
com.api.tests.ApiTests.testCommentsForNonExistentPost  Time elapsed: 0.785 s  <<< FAILURE!
org.opentest4j.AssertionFailedError: Expected HTTP status 404 for non-existent post ID ==> expected: <404> but was: <200>
	at com.api.tests.ApiTests.testCommentsForNonExistentPost(ApiTests.java:107)

com.api.tests.ApiTests.testSearchUserByInvalidUsername  Time elapsed: 0.101 s  <<< FAILURE!
org.opentest4j.AssertionFailedError: Expected HTTP status 404 for non-existent user ==> expected: <404> but was: <200>
	at com.api.tests.ApiTests.testSearchUserByInvalidUsername(ApiTests.java:95)

