<?xml version="1.0" encoding="UTF-8"?>
<testsuite xmlns:xsi="http://www.w3.org/2001/XMLSchema-instance" xsi:noNamespaceSchemaLocation="https://maven.apache.org/surefire/maven-surefire-plugin/xsd/surefire-test-report-3.0.xsd" version="3.0" name="com.api.tests.ApiTests" time="6.269" tests="7" errors="0" skipped="0" failures="2">
  <properties>
[...]
</properties>
  <testcase name="testCommentsForNonExistentPost" classname="com.api.tests.ApiTests" time="0.785">
    <failure type="org.opentest4j.AssertionFailedError"><![CDATA[org.opentest4j.AssertionFailedError: Expected HTTP status 404 for non-existent post ID ==> expected: <404> but was: <200>
	at com.api.tests.ApiTests.testCommentsForNonExistentPost(ApiTests.java:107)
]]></failure>
  </testcase>
  <testcase name="testNoPostsForUser" classname="com.api.tests.ApiTests" time="0.134">
    <system-out><![CDATA[✅ testNoPostsForUser PASSED
]]></system-out>
  </testcase>
  <testcase name="testSearchPostsByUser" classname="com.api.tests.ApiTests" time="0.385">
    <system-out><![CDATA[✅ testSearchPostsByUser PASSED
]]></system-out>
  </testcase>
  <testcase name="testCommentWithInvalidEmail" classname="com.api.tests.ApiTests" time="0.504">
    <system-out><![CDATA[✅ testCommentWithInvalidEmail PASSED
]]></system-out>
  </testcase>
  <testcase name="testSearchUserByInvalidUsername" classname="com.api.tests.ApiTests" time="0.101">
    <failure type="org.opentest4j.AssertionFailedError"><![CDATA[org.opentest4j.AssertionFailedError: Expected HTTP status 404 for non-existent user ==> expected: <404> but was: <200>
	at com.api.tests.ApiTests.testSearchUserByInvalidUsername(ApiTests.java:95)
]]></failure>
  </testcase>
  <testcase name="testValidateEmailFormatInComments" classname="com.api.tests.ApiTests" time="3.987">
    <system-out><![CDATA[✅ testValidateEmailFormatInComments PASSED
]]></system-out>
  </testcase>
  <testcase name="testSearchUserByUsername" classname="com.api.tests.ApiTests" time="0.359">
    <system-out><![CDATA[✅ testSearchUserByUsername PASSED
]]></system-out>
  </testcase>
</testsuite>